{"/Users/arunkramachandran/Workspace/weather-app/src/index.js": {"path":"/Users/arunkramachandran/Workspace/weather-app/src/index.js","statementMap":{"0":{"start":{"line":10,"column":8},"end":{"line":14,"column":9}},"1":{"start":{"line":18,"column":0},"end":{"line":18,"column":57}}},"fnMap":{"0":{"name":"(anonymous_0)","decl":{"start":{"line":9,"column":4},"end":{"line":9,"column":5}},"loc":{"start":{"line":9,"column":13},"end":{"line":15,"column":5}},"line":9}},"branchMap":{},"s":{"0":0,"1":0},"f":{"0":0},"b":{}}
,"/Users/arunkramachandran/Workspace/weather-app/src/actions/actions.js": {"path":"/Users/arunkramachandran/Workspace/weather-app/src/actions/actions.js","statementMap":{"0":{"start":{"line":3,"column":25},"end":{"line":27,"column":1}},"1":{"start":{"line":5,"column":4},"end":{"line":26,"column":5}},"2":{"start":{"line":6,"column":8},"end":{"line":6,"column":32}},"3":{"start":{"line":8,"column":8},"end":{"line":25,"column":13}},"4":{"start":{"line":10,"column":16},"end":{"line":12,"column":17}},"5":{"start":{"line":11,"column":20},"end":{"line":11,"column":42}},"6":{"start":{"line":13,"column":16},"end":{"line":13,"column":52}},"7":{"start":{"line":17,"column":20},"end":{"line":20,"column":23}},"8":{"start":{"line":23,"column":20},"end":{"line":23,"column":49}},"9":{"start":{"line":29,"column":26},"end":{"line":32,"column":2}},"10":{"start":{"line":29,"column":37},"end":{"line":32,"column":1}},"11":{"start":{"line":34,"column":21},"end":{"line":36,"column":2}},"12":{"start":{"line":34,"column":28},"end":{"line":36,"column":1}},"13":{"start":{"line":38,"column":26},"end":{"line":40,"column":2}},"14":{"start":{"line":38,"column":33},"end":{"line":40,"column":1}},"15":{"start":{"line":42,"column":34},"end":{"line":45,"column":2}},"16":{"start":{"line":42,"column":45},"end":{"line":45,"column":1}}},"fnMap":{"0":{"name":"(anonymous_0)","decl":{"start":{"line":3,"column":25},"end":{"line":3,"column":26}},"loc":{"start":{"line":3,"column":35},"end":{"line":27,"column":1}},"line":3},"1":{"name":"(anonymous_1)","decl":{"start":{"line":5,"column":11},"end":{"line":5,"column":12}},"loc":{"start":{"line":5,"column":23},"end":{"line":26,"column":5}},"line":5},"2":{"name":"(anonymous_2)","decl":{"start":{"line":9,"column":18},"end":{"line":9,"column":19}},"loc":{"start":{"line":9,"column":30},"end":{"line":14,"column":13}},"line":9},"3":{"name":"(anonymous_3)","decl":{"start":{"line":16,"column":16},"end":{"line":16,"column":17}},"loc":{"start":{"line":16,"column":24},"end":{"line":21,"column":17}},"line":16},"4":{"name":"(anonymous_4)","decl":{"start":{"line":22,"column":16},"end":{"line":22,"column":17}},"loc":{"start":{"line":22,"column":25},"end":{"line":24,"column":17}},"line":22},"5":{"name":"(anonymous_5)","decl":{"start":{"line":29,"column":26},"end":{"line":29,"column":27}},"loc":{"start":{"line":29,"column":37},"end":{"line":32,"column":1}},"line":29},"6":{"name":"(anonymous_6)","decl":{"start":{"line":34,"column":21},"end":{"line":34,"column":22}},"loc":{"start":{"line":34,"column":28},"end":{"line":36,"column":1}},"line":34},"7":{"name":"(anonymous_7)","decl":{"start":{"line":38,"column":26},"end":{"line":38,"column":27}},"loc":{"start":{"line":38,"column":33},"end":{"line":40,"column":1}},"line":38},"8":{"name":"(anonymous_8)","decl":{"start":{"line":42,"column":34},"end":{"line":42,"column":35}},"loc":{"start":{"line":42,"column":45},"end":{"line":45,"column":1}},"line":42}},"branchMap":{"0":{"loc":{"start":{"line":10,"column":16},"end":{"line":12,"column":17}},"type":"if","locations":[{"start":{"line":10,"column":16},"end":{"line":12,"column":17}},{"start":{"line":10,"column":16},"end":{"line":12,"column":17}}],"line":10}},"s":{"0":0,"1":0,"2":0,"3":0,"4":0,"5":0,"6":0,"7":0,"8":0,"9":0,"10":0,"11":0,"12":0,"13":0,"14":0,"15":0,"16":0},"f":{"0":0,"1":0,"2":0,"3":0,"4":0,"5":0,"6":0,"7":0,"8":0},"b":{"0":[0,0]}}
,"/Users/arunkramachandran/Workspace/weather-app/src/components/AdditionalDetails.jsx": {"path":"/Users/arunkramachandran/Workspace/weather-app/src/components/AdditionalDetails.jsx","statementMap":{"0":{"start":{"line":3,"column":33},"end":{"line":30,"column":1}},"1":{"start":{"line":9,"column":8},"end":{"line":9,"column":13}},"2":{"start":{"line":11,"column":21},"end":{"line":11,"column":46}},"3":{"start":{"line":13,"column":4},"end":{"line":28,"column":5}}},"fnMap":{"0":{"name":"(anonymous_0)","decl":{"start":{"line":3,"column":33},"end":{"line":3,"column":34}},"loc":{"start":{"line":3,"column":44},"end":{"line":30,"column":1}},"line":3}},"branchMap":{},"s":{"0":0,"1":0,"2":0,"3":0},"f":{"0":0},"b":{}}
,"/Users/arunkramachandran/Workspace/weather-app/src/components/DataList.jsx": {"path":"/Users/arunkramachandran/Workspace/weather-app/src/components/DataList.jsx","statementMap":{"0":{"start":{"line":3,"column":24},"end":{"line":16,"column":1}},"1":{"start":{"line":9,"column":8},"end":{"line":9,"column":13}},"2":{"start":{"line":11,"column":4},"end":{"line":15,"column":5}},"3":{"start":{"line":12,"column":109},"end":{"line":12,"column":128}}},"fnMap":{"0":{"name":"(anonymous_0)","decl":{"start":{"line":3,"column":24},"end":{"line":3,"column":25}},"loc":{"start":{"line":3,"column":35},"end":{"line":16,"column":1}},"line":3},"1":{"name":"(anonymous_1)","decl":{"start":{"line":12,"column":103},"end":{"line":12,"column":104}},"loc":{"start":{"line":12,"column":109},"end":{"line":12,"column":128}},"line":12}},"branchMap":{"0":{"loc":{"start":{"line":12,"column":44},"end":{"line":12,"column":90}},"type":"cond-expr","locations":[{"start":{"line":12,"column":70},"end":{"line":12,"column":85}},{"start":{"line":12,"column":88},"end":{"line":12,"column":90}}],"line":12}},"s":{"0":0,"1":0,"2":0,"3":0},"f":{"0":0,"1":0},"b":{"0":[0,0]}}
,"/Users/arunkramachandran/Workspace/weather-app/src/components/ImageHolder.jsx": {"path":"/Users/arunkramachandran/Workspace/weather-app/src/components/ImageHolder.jsx","statementMap":{"0":{"start":{"line":3,"column":27},"end":{"line":13,"column":1}},"1":{"start":{"line":7,"column":8},"end":{"line":7,"column":13}},"2":{"start":{"line":8,"column":4},"end":{"line":12,"column":5}}},"fnMap":{"0":{"name":"(anonymous_0)","decl":{"start":{"line":3,"column":27},"end":{"line":3,"column":28}},"loc":{"start":{"line":3,"column":38},"end":{"line":13,"column":1}},"line":3}},"branchMap":{},"s":{"0":0,"1":0,"2":0},"f":{"0":0},"b":{}}
,"/Users/arunkramachandran/Workspace/weather-app/src/components/Toggle.jsx": {"path":"/Users/arunkramachandran/Workspace/weather-app/src/components/Toggle.jsx","statementMap":{"0":{"start":{"line":3,"column":22},"end":{"line":25,"column":1}},"1":{"start":{"line":8,"column":8},"end":{"line":8,"column":13}},"2":{"start":{"line":10,"column":29},"end":{"line":12,"column":5}},"3":{"start":{"line":11,"column":8},"end":{"line":11,"column":25}},"4":{"start":{"line":14,"column":4},"end":{"line":24,"column":5}}},"fnMap":{"0":{"name":"(anonymous_0)","decl":{"start":{"line":3,"column":22},"end":{"line":3,"column":23}},"loc":{"start":{"line":3,"column":33},"end":{"line":25,"column":1}},"line":3},"1":{"name":"(anonymous_1)","decl":{"start":{"line":10,"column":29},"end":{"line":10,"column":30}},"loc":{"start":{"line":10,"column":35},"end":{"line":12,"column":5}},"line":10}},"branchMap":{},"s":{"0":0,"1":0,"2":0,"3":0,"4":0},"f":{"0":0,"1":0},"b":{}}
,"/Users/arunkramachandran/Workspace/weather-app/src/components/WeatherWidget.jsx": {"path":"/Users/arunkramachandran/Workspace/weather-app/src/components/WeatherWidget.jsx","statementMap":{"0":{"start":{"line":5,"column":29},"end":{"line":28,"column":1}},"1":{"start":{"line":13,"column":8},"end":{"line":13,"column":13}},"2":{"start":{"line":15,"column":4},"end":{"line":27,"column":5}}},"fnMap":{"0":{"name":"(anonymous_0)","decl":{"start":{"line":5,"column":29},"end":{"line":5,"column":30}},"loc":{"start":{"line":5,"column":40},"end":{"line":28,"column":1}},"line":5}},"branchMap":{},"s":{"0":0,"1":0,"2":0},"f":{"0":0},"b":{}}
,"/Users/arunkramachandran/Workspace/weather-app/src/constants/constants.js": {"path":"/Users/arunkramachandran/Workspace/weather-app/src/constants/constants.js","statementMap":{"0":{"start":{"line":1,"column":14},"end":{"line":1,"column":48}},"1":{"start":{"line":2,"column":17},"end":{"line":2,"column":66}},"2":{"start":{"line":3,"column":25},"end":{"line":3,"column":58}},"3":{"start":{"line":5,"column":28},"end":{"line":5,"column":49}},"4":{"start":{"line":6,"column":30},"end":{"line":6,"column":53}},"5":{"start":{"line":7,"column":36},"end":{"line":7,"column":65}},"6":{"start":{"line":8,"column":24},"end":{"line":8,"column":41}},"7":{"start":{"line":9,"column":24},"end":{"line":9,"column":41}},"8":{"start":{"line":10,"column":20},"end":{"line":10,"column":33}},"9":{"start":{"line":11,"column":20},"end":{"line":11,"column":33}},"10":{"start":{"line":13,"column":16},"end":{"line":13,"column":25}},"11":{"start":{"line":14,"column":18},"end":{"line":14,"column":29}},"12":{"start":{"line":15,"column":15},"end":{"line":15,"column":59}}},"fnMap":{},"branchMap":{},"s":{"0":1,"1":1,"2":1,"3":1,"4":1,"5":1,"6":1,"7":1,"8":1,"9":1,"10":1,"11":1,"12":1},"f":{},"b":{},"_coverageSchema":"1a1c01bbd47fc00a2c39e90264f33305004495a9","hash":"a7375c1213ee6be719d6929d4d584342a32ef46b"}
,"/Users/arunkramachandran/Workspace/weather-app/src/containers/ActionBar.jsx": {"path":"/Users/arunkramachandran/Workspace/weather-app/src/containers/ActionBar.jsx","statementMap":{"0":{"start":{"line":7,"column":25},"end":{"line":26,"column":1}},"1":{"start":{"line":9,"column":32},"end":{"line":9,"column":91}},"2":{"start":{"line":9,"column":53},"end":{"line":9,"column":90}},"3":{"start":{"line":10,"column":21},"end":{"line":10,"column":34}},"4":{"start":{"line":12,"column":34},"end":{"line":14,"column":5}},"5":{"start":{"line":13,"column":8},"end":{"line":13,"column":129}},"6":{"start":{"line":16,"column":4},"end":{"line":25,"column":5}}},"fnMap":{"0":{"name":"(anonymous_0)","decl":{"start":{"line":7,"column":25},"end":{"line":7,"column":26}},"loc":{"start":{"line":7,"column":31},"end":{"line":26,"column":1}},"line":7},"1":{"name":"(anonymous_1)","decl":{"start":{"line":9,"column":44},"end":{"line":9,"column":45}},"loc":{"start":{"line":9,"column":53},"end":{"line":9,"column":90}},"line":9},"2":{"name":"(anonymous_2)","decl":{"start":{"line":12,"column":34},"end":{"line":12,"column":35}},"loc":{"start":{"line":12,"column":40},"end":{"line":14,"column":5}},"line":12}},"branchMap":{"0":{"loc":{"start":{"line":13,"column":43},"end":{"line":13,"column":126}},"type":"cond-expr","locations":[{"start":{"line":13,"column":87},"end":{"line":13,"column":106}},{"start":{"line":13,"column":109},"end":{"line":13,"column":126}}],"line":13},"1":{"loc":{"start":{"line":21,"column":28},"end":{"line":21,"column":83}},"type":"cond-expr","locations":[{"start":{"line":21,"column":72},"end":{"line":21,"column":76}},{"start":{"line":21,"column":79},"end":{"line":21,"column":83}}],"line":21}},"s":{"0":1,"1":0,"2":0,"3":0,"4":0,"5":0,"6":0},"f":{"0":0,"1":0,"2":0},"b":{"0":[0,0],"1":[0,0]},"_coverageSchema":"1a1c01bbd47fc00a2c39e90264f33305004495a9","hash":"5216a5eb2604e77668577cd418e591e03803443a"}
,"/Users/arunkramachandran/Workspace/weather-app/src/containers/WeatherApp.jsx": {"path":"/Users/arunkramachandran/Workspace/weather-app/src/containers/WeatherApp.jsx","statementMap":{"0":{"start":{"line":16,"column":26},"end":{"line":114,"column":1}},"1":{"start":{"line":18,"column":27},"end":{"line":18,"column":84}},"2":{"start":{"line":18,"column":48},"end":{"line":18,"column":83}},"3":{"start":{"line":19,"column":24},"end":{"line":19,"column":71}},"4":{"start":{"line":19,"column":45},"end":{"line":19,"column":70}},"5":{"start":{"line":20,"column":32},"end":{"line":20,"column":91}},"6":{"start":{"line":20,"column":53},"end":{"line":20,"column":90}},"7":{"start":{"line":21,"column":21},"end":{"line":21,"column":34}},"8":{"start":{"line":23,"column":4},"end":{"line":25,"column":10}},"9":{"start":{"line":24,"column":8},"end":{"line":24,"column":55}},"10":{"start":{"line":27,"column":35},"end":{"line":48,"column":5}},"11":{"start":{"line":28,"column":33},"end":{"line":37,"column":10}},"12":{"start":{"line":39,"column":8},"end":{"line":47,"column":9}},"13":{"start":{"line":43,"column":24},"end":{"line":43,"column":84}},"14":{"start":{"line":50,"column":32},"end":{"line":52,"column":5}},"15":{"start":{"line":51,"column":8},"end":{"line":51,"column":45}},"16":{"start":{"line":54,"column":35},"end":{"line":70,"column":5}},"17":{"start":{"line":55,"column":8},"end":{"line":69,"column":9}},"18":{"start":{"line":60,"column":24},"end":{"line":65,"column":26}},"19":{"start":{"line":72,"column":38},"end":{"line":76,"column":5}},"20":{"start":{"line":73,"column":8},"end":{"line":75,"column":32}},"21":{"start":{"line":74,"column":12},"end":{"line":74,"column":66}},"22":{"start":{"line":75,"column":15},"end":{"line":75,"column":32}},"23":{"start":{"line":78,"column":28},"end":{"line":78,"column":64}},"24":{"start":{"line":79,"column":28},"end":{"line":79,"column":91}},"25":{"start":{"line":80,"column":17},"end":{"line":80,"column":72}},"26":{"start":{"line":82,"column":4},"end":{"line":113,"column":5}}},"fnMap":{"0":{"name":"(anonymous_0)","decl":{"start":{"line":16,"column":26},"end":{"line":16,"column":27}},"loc":{"start":{"line":16,"column":32},"end":{"line":114,"column":1}},"line":16},"1":{"name":"(anonymous_1)","decl":{"start":{"line":18,"column":39},"end":{"line":18,"column":40}},"loc":{"start":{"line":18,"column":48},"end":{"line":18,"column":83}},"line":18},"2":{"name":"(anonymous_2)","decl":{"start":{"line":19,"column":36},"end":{"line":19,"column":37}},"loc":{"start":{"line":19,"column":45},"end":{"line":19,"column":70}},"line":19},"3":{"name":"(anonymous_3)","decl":{"start":{"line":20,"column":44},"end":{"line":20,"column":45}},"loc":{"start":{"line":20,"column":53},"end":{"line":20,"column":90}},"line":20},"4":{"name":"(anonymous_4)","decl":{"start":{"line":23,"column":14},"end":{"line":23,"column":15}},"loc":{"start":{"line":23,"column":20},"end":{"line":25,"column":5}},"line":23},"5":{"name":"(anonymous_5)","decl":{"start":{"line":27,"column":35},"end":{"line":27,"column":36}},"loc":{"start":{"line":27,"column":41},"end":{"line":48,"column":5}},"line":27},"6":{"name":"(anonymous_6)","decl":{"start":{"line":42,"column":41},"end":{"line":42,"column":42}},"loc":{"start":{"line":43,"column":24},"end":{"line":43,"column":84}},"line":43},"7":{"name":"(anonymous_7)","decl":{"start":{"line":50,"column":32},"end":{"line":50,"column":33}},"loc":{"start":{"line":50,"column":46},"end":{"line":52,"column":5}},"line":50},"8":{"name":"(anonymous_8)","decl":{"start":{"line":54,"column":35},"end":{"line":54,"column":36}},"loc":{"start":{"line":54,"column":41},"end":{"line":70,"column":5}},"line":54},"9":{"name":"(anonymous_9)","decl":{"start":{"line":59,"column":20},"end":{"line":59,"column":21}},"loc":{"start":{"line":60,"column":24},"end":{"line":65,"column":26}},"line":60},"10":{"name":"(anonymous_10)","decl":{"start":{"line":72,"column":38},"end":{"line":72,"column":39}},"loc":{"start":{"line":72,"column":48},"end":{"line":76,"column":5}},"line":72}},"branchMap":{"0":{"loc":{"start":{"line":73,"column":8},"end":{"line":75,"column":32}},"type":"if","locations":[{"start":{"line":73,"column":8},"end":{"line":75,"column":32}},{"start":{"line":73,"column":8},"end":{"line":75,"column":32}}],"line":73},"1":{"loc":{"start":{"line":80,"column":17},"end":{"line":80,"column":72}},"type":"cond-expr","locations":[{"start":{"line":80,"column":61},"end":{"line":80,"column":65}},{"start":{"line":80,"column":68},"end":{"line":80,"column":72}}],"line":80},"2":{"loc":{"start":{"line":91,"column":18},"end":{"line":98,"column":22}},"type":"binary-expr","locations":[{"start":{"line":91,"column":18},"end":{"line":91,"column":33}},{"start":{"line":92,"column":20},"end":{"line":98,"column":22}}],"line":91},"3":{"loc":{"start":{"line":103,"column":18},"end":{"line":108,"column":22}},"type":"binary-expr","locations":[{"start":{"line":103,"column":18},"end":{"line":103,"column":33}},{"start":{"line":104,"column":20},"end":{"line":108,"column":22}}],"line":103}},"s":{"0":0,"1":0,"2":0,"3":0,"4":0,"5":0,"6":0,"7":0,"8":0,"9":0,"10":0,"11":0,"12":0,"13":0,"14":0,"15":0,"16":0,"17":0,"18":0,"19":0,"20":0,"21":0,"22":0,"23":0,"24":0,"25":0,"26":0},"f":{"0":0,"1":0,"2":0,"3":0,"4":0,"5":0,"6":0,"7":0,"8":0,"9":0,"10":0},"b":{"0":[0,0],"1":[0,0],"2":[0,0],"3":[0,0]}}
,"/Users/arunkramachandran/Workspace/weather-app/src/reducers/appReducer.js": {"path":"/Users/arunkramachandran/Workspace/weather-app/src/reducers/appReducer.js","statementMap":{"0":{"start":{"line":3,"column":21},"end":{"line":9,"column":1}},"1":{"start":{"line":11,"column":20},"end":{"line":46,"column":1}},"2":{"start":{"line":12,"column":30},"end":{"line":12,"column":36}},"3":{"start":{"line":14,"column":4},"end":{"line":45,"column":5}},"4":{"start":{"line":17,"column":12},"end":{"line":22,"column":13}},"5":{"start":{"line":25,"column":12},"end":{"line":28,"column":13}},"6":{"start":{"line":31,"column":12},"end":{"line":35,"column":13}},"7":{"start":{"line":38,"column":12},"end":{"line":41,"column":13}},"8":{"start":{"line":44,"column":12},"end":{"line":44,"column":25}}},"fnMap":{"0":{"name":"(anonymous_0)","decl":{"start":{"line":11,"column":20},"end":{"line":11,"column":21}},"loc":{"start":{"line":11,"column":54},"end":{"line":46,"column":1}},"line":11}},"branchMap":{"0":{"loc":{"start":{"line":11,"column":21},"end":{"line":11,"column":41}},"type":"default-arg","locations":[{"start":{"line":11,"column":29},"end":{"line":11,"column":41}}],"line":11},"1":{"loc":{"start":{"line":14,"column":4},"end":{"line":45,"column":5}},"type":"switch","locations":[{"start":{"line":16,"column":8},"end":{"line":22,"column":13}},{"start":{"line":24,"column":8},"end":{"line":28,"column":13}},{"start":{"line":30,"column":8},"end":{"line":35,"column":13}},{"start":{"line":37,"column":8},"end":{"line":41,"column":13}},{"start":{"line":43,"column":8},"end":{"line":44,"column":25}}],"line":14}},"s":{"0":0,"1":0,"2":0,"3":0,"4":0,"5":0,"6":0,"7":0,"8":0},"f":{"0":0},"b":{"0":[0],"1":[0,0,0,0,0]}}
,"/Users/arunkramachandran/Workspace/weather-app/src/reducers/index.js": {"path":"/Users/arunkramachandran/Workspace/weather-app/src/reducers/index.js","statementMap":{},"fnMap":{},"branchMap":{},"s":{},"f":{},"b":{}}
,"/Users/arunkramachandran/Workspace/weather-app/src/store/store.js": {"path":"/Users/arunkramachandran/Workspace/weather-app/src/store/store.js","statementMap":{"0":{"start":{"line":6,"column":23},"end":{"line":15,"column":1}},"1":{"start":{"line":7,"column":18},"end":{"line":12,"column":5}},"2":{"start":{"line":14,"column":4},"end":{"line":14,"column":17}},"3":{"start":{"line":17,"column":14},"end":{"line":17,"column":30}}},"fnMap":{"0":{"name":"(anonymous_0)","decl":{"start":{"line":6,"column":23},"end":{"line":6,"column":24}},"loc":{"start":{"line":6,"column":29},"end":{"line":15,"column":1}},"line":6}},"branchMap":{},"s":{"0":0,"1":0,"2":0,"3":0},"f":{"0":0},"b":{}}
,"/Users/arunkramachandran/Workspace/weather-app/src/utils/weatherUtils.js": {"path":"/Users/arunkramachandran/Workspace/weather-app/src/utils/weatherUtils.js","statementMap":{"0":{"start":{"line":3,"column":34},"end":{"line":6,"column":1}},"1":{"start":{"line":4,"column":21},"end":{"line":4,"column":37}},"2":{"start":{"line":5,"column":4},"end":{"line":5,"column":39}},"3":{"start":{"line":8,"column":38},"end":{"line":11,"column":1}},"4":{"start":{"line":9,"column":19},"end":{"line":9,"column":35}},"5":{"start":{"line":10,"column":4},"end":{"line":10,"column":37}},"6":{"start":{"line":13,"column":28},"end":{"line":13,"column":116}},"7":{"start":{"line":13,"column":60},"end":{"line":13,"column":115}},"8":{"start":{"line":15,"column":36},"end":{"line":21,"column":1}},"9":{"start":{"line":16,"column":4},"end":{"line":18,"column":7}},"10":{"start":{"line":17,"column":8},"end":{"line":17,"column":99}},"11":{"start":{"line":20,"column":4},"end":{"line":20,"column":16}},"12":{"start":{"line":23,"column":39},"end":{"line":32,"column":1}},"13":{"start":{"line":24,"column":4},"end":{"line":31,"column":5}},"14":{"start":{"line":25,"column":8},"end":{"line":30,"column":9}},"15":{"start":{"line":31,"column":6},"end":{"line":31,"column":25}}},"fnMap":{"0":{"name":"(anonymous_0)","decl":{"start":{"line":3,"column":34},"end":{"line":3,"column":35}},"loc":{"start":{"line":3,"column":41},"end":{"line":6,"column":1}},"line":3},"1":{"name":"(anonymous_1)","decl":{"start":{"line":8,"column":38},"end":{"line":8,"column":39}},"loc":{"start":{"line":8,"column":45},"end":{"line":11,"column":1}},"line":8},"2":{"name":"(anonymous_2)","decl":{"start":{"line":13,"column":28},"end":{"line":13,"column":29}},"loc":{"start":{"line":13,"column":60},"end":{"line":13,"column":115}},"line":13},"3":{"name":"(anonymous_3)","decl":{"start":{"line":15,"column":36},"end":{"line":15,"column":37}},"loc":{"start":{"line":15,"column":52},"end":{"line":21,"column":1}},"line":15},"4":{"name":"(anonymous_4)","decl":{"start":{"line":16,"column":30},"end":{"line":16,"column":31}},"loc":{"start":{"line":16,"column":39},"end":{"line":18,"column":5}},"line":16},"5":{"name":"(anonymous_5)","decl":{"start":{"line":23,"column":39},"end":{"line":23,"column":40}},"loc":{"start":{"line":23,"column":56},"end":{"line":32,"column":1}},"line":23}},"branchMap":{"0":{"loc":{"start":{"line":17,"column":20},"end":{"line":17,"column":99}},"type":"cond-expr","locations":[{"start":{"line":17,"column":41},"end":{"line":17,"column":70}},{"start":{"line":17,"column":73},"end":{"line":17,"column":99}}],"line":17},"1":{"loc":{"start":{"line":24,"column":4},"end":{"line":31,"column":5}},"type":"if","locations":[{"start":{"line":24,"column":4},"end":{"line":31,"column":5}},{"start":{"line":24,"column":4},"end":{"line":31,"column":5}}],"line":24}},"s":{"0":0,"1":0,"2":0,"3":0,"4":0,"5":0,"6":0,"7":0,"8":0,"9":0,"10":0,"11":0,"12":0,"13":0,"14":0,"15":0},"f":{"0":0,"1":0,"2":0,"3":0,"4":0,"5":0},"b":{"0":[0,0],"1":[0,0]}}
}
